<?xml version="1.0" encoding="UTF-8"?>
<testng-results skipped="0" failed="0" total="1" passed="1">
  <reporter-output>
  </reporter-output>
  <suite name="Default suite" duration-ms="62953" started-at="2015-08-13T08:27:49Z" finished-at="2015-08-13T08:28:51Z">
    <groups>
    </groups>
    <test name="Default test" duration-ms="62953" started-at="2015-08-13T08:27:49Z" finished-at="2015-08-13T08:28:51Z">
      <class name="login.upload">
        <test-method status="PASS" signature="geturl()[pri:0, instance:login.upload@6debcae2]" name="geturl" is-config="true" duration-ms="16888" started-at="2015-08-13T08:27:49Z" description="Launches the URL " finished-at="2015-08-13T08:28:05Z">
          <reporter-output>
          </reporter-output>
        </test-method> <!-- geturl -->
        <test-method status="PASS" signature="upload()[pri:0, instance:login.upload@6debcae2]" name="upload" duration-ms="46046" started-at="2015-08-13T08:28:05Z" finished-at="2015-08-13T08:28:51Z">
          <reporter-output>
          </reporter-output>
        </test-method> <!-- upload -->
      </class> <!-- login.upload -->
    </test> <!-- Default test -->
  </suite> <!-- Default suite -->
</testng-results>
